2022-10-31 12:19:18.007  INFO 18708 --- [main] com.example.demo.DemoApplication         : Starting DemoApplication using Java 17.0.4.1 on Sakshis-MacBook-Pro.local with PID 18708 (/Users/sakshi/Documents/workspace-spring-tool-suite-4-4.16.0.RELEASE/demo/target/classes started by sakshi in /Users/sakshi/Documents/workspace-spring-tool-suite-4-4.16.0.RELEASE/demo)
2022-10-31 12:19:18.011  INFO 18708 --- [main] com.example.demo.DemoApplication         : No active profile set, falling back to 1 default profile: "default"
2022-10-31 12:19:18.296  INFO 18708 --- [main] .s.d.r.c.RepositoryConfigurationDelegate : Bootstrapping Spring Data JPA repositories in DEFAULT mode.
2022-10-31 12:19:18.321  INFO 18708 --- [main] .s.d.r.c.RepositoryConfigurationDelegate : Finished Spring Data repository scanning in 20 ms. Found 3 JPA repository interfaces.
2022-10-31 12:19:18.701  INFO 18708 --- [main] o.s.b.w.embedded.tomcat.TomcatWebServer  : Tomcat initialized with port(s): 8082 (http)
2022-10-31 12:19:18.706  INFO 18708 --- [main] o.apache.catalina.core.StandardService   : Starting service [Tomcat]
2022-10-31 12:19:18.706  INFO 18708 --- [main] org.apache.catalina.core.StandardEngine  : Starting Servlet engine: [Apache Tomcat/9.0.65]
2022-10-31 12:19:18.742  INFO 18708 --- [main] o.a.c.c.C.[Tomcat].[localhost].[/]       : Initializing Spring embedded WebApplicationContext
2022-10-31 12:19:18.742  INFO 18708 --- [main] w.s.c.ServletWebServerApplicationContext : Root WebApplicationContext: initialization completed in 698 ms
2022-10-31 12:19:18.803  INFO 18708 --- [main] com.zaxxer.hikari.HikariDataSource       : HikariPool-1 - Starting...
2022-10-31 12:19:19.007  INFO 18708 --- [main] com.zaxxer.hikari.HikariDataSource       : HikariPool-1 - Start completed.
2022-10-31 12:19:19.034  INFO 18708 --- [main] o.hibernate.jpa.internal.util.LogHelper  : HHH000204: Processing PersistenceUnitInfo [name: default]
2022-10-31 12:19:19.061  INFO 18708 --- [main] org.hibernate.Version                    : HHH000412: Hibernate ORM core version 5.6.11.Final
2022-10-31 12:19:19.147  INFO 18708 --- [main] o.hibernate.annotations.common.Version   : HCANN000001: Hibernate Commons Annotations {5.1.2.Final}
2022-10-31 12:19:19.209  INFO 18708 --- [main] org.hibernate.dialect.Dialect            : HHH000400: Using dialect: org.hibernate.dialect.MySQL57Dialect
2022-10-31 12:19:19.493  INFO 18708 --- [main] o.h.e.t.j.p.i.JtaPlatformInitiator       : HHH000490: Using JtaPlatform implementation: [org.hibernate.engine.transaction.jta.platform.internal.NoJtaPlatform]
2022-10-31 12:19:19.498  INFO 18708 --- [main] j.LocalContainerEntityManagerFactoryBean : Initialized JPA EntityManagerFactory for persistence unit 'default'
2022-10-31 12:19:19.876  WARN 18708 --- [main] JpaBaseConfiguration$JpaWebConfiguration : spring.jpa.open-in-view is enabled by default. Therefore, database queries may be performed during view rendering. Explicitly configure spring.jpa.open-in-view to disable this warning
2022-10-31 12:19:19.945  INFO 18708 --- [main] pertySourcedRequestMappingHandlerMapping : Mapped URL path [/v2/api-docs] onto method [springfox.documentation.swagger2.web.Swagger2Controller#getDocumentation(String, HttpServletRequest)]
2022-10-31 12:19:20.104  INFO 18708 --- [main] o.s.b.w.embedded.tomcat.TomcatWebServer  : Tomcat started on port(s): 8082 (http) with context path ''
2022-10-31 12:19:20.104  INFO 18708 --- [main] d.s.w.p.DocumentationPluginsBootstrapper : Context refreshed
2022-10-31 12:19:20.116  INFO 18708 --- [main] d.s.w.p.DocumentationPluginsBootstrapper : Found 1 custom documentation plugin(s)
2022-10-31 12:19:20.128  INFO 18708 --- [main] s.d.s.w.s.ApiListingReferenceScanner     : Scanning for api listing references
2022-10-31 12:19:20.201  INFO 18708 --- [main] com.example.demo.DemoApplication         : Started DemoApplication in 2.359 seconds (JVM running for 3.038)
2022-10-31 12:19:43.486  INFO 18708 --- [http-nio-8082-exec-2] o.a.c.c.C.[Tomcat].[localhost].[/]       : Initializing Spring DispatcherServlet 'dispatcherServlet'
2022-10-31 12:19:43.486  INFO 18708 --- [http-nio-8082-exec-2] o.s.web.servlet.DispatcherServlet        : Initializing Servlet 'dispatcherServlet'
2022-10-31 12:19:43.487  INFO 18708 --- [http-nio-8082-exec-2] o.s.web.servlet.DispatcherServlet        : Completed initialization in 1 ms
2022-10-31 12:19:43.538  INFO 18708 --- [http-nio-8082-exec-2] tConfig$$EnhancerBySpringCGLIB$$7c4d2e4a : Inside Before Advice
2022-10-31 12:19:43.611  INFO 18708 --- [http-nio-8082-exec-2] c.example.controller.StudentController   : StudentResponseList = [StudentResponse(id=1, firstName=John, lastName=Smith, email=john@gmail.com, street=Happy Street, city=Delhi, learningSubjects=[]), StudentResponse(id=4, firstName=Selena, lastName=Gomez, email=selena@icloud.com, street=STREET 4, city=Delhi, learningSubjects=[]), StudentResponse(id=5, firstName=Selena, lastName=Gomez, email=selena@icloud.com, street=STREET 4, city=Delhi, learningSubjects=[com.example.response.SubjectResponse@6f780699, com.example.response.SubjectResponse@937ea05])]
2022-10-31 12:20:44.944  INFO 18708 --- [RMI TCP Connection(5)-127.0.0.1] inMXBeanRegistrar$SpringApplicationAdmin : Application shutdown requested.
2022-10-31 12:20:44.950  INFO 18708 --- [RMI TCP Connection(5)-127.0.0.1] o.apache.catalina.core.StandardService   : Stopping service [Tomcat]
2022-10-31 12:20:44.952  INFO 18708 --- [RMI TCP Connection(5)-127.0.0.1] o.a.c.c.C.[Tomcat].[localhost].[/]       : Destroying Spring FrameworkServlet 'dispatcherServlet'
2022-10-31 12:20:44.962  INFO 18708 --- [RMI TCP Connection(5)-127.0.0.1] j.LocalContainerEntityManagerFactoryBean : Closing JPA EntityManagerFactory for persistence unit 'default'
2022-10-31 12:20:44.964  INFO 18708 --- [RMI TCP Connection(5)-127.0.0.1] com.zaxxer.hikari.HikariDataSource       : HikariPool-1 - Shutdown initiated...
2022-10-31 12:20:44.969  INFO 18708 --- [RMI TCP Connection(5)-127.0.0.1] com.zaxxer.hikari.HikariDataSource       : HikariPool-1 - Shutdown completed.
2022-10-31 12:21:25.311  INFO 18750 --- [main] com.example.demo.DemoApplication         : Starting DemoApplication using Java 17.0.4.1 on Sakshis-MacBook-Pro.local with PID 18750 (/Users/sakshi/Documents/workspace-spring-tool-suite-4-4.16.0.RELEASE/demo/target/classes started by sakshi in /Users/sakshi/Documents/workspace-spring-tool-suite-4-4.16.0.RELEASE/demo)
2022-10-31 12:21:25.312  INFO 18750 --- [main] com.example.demo.DemoApplication         : No active profile set, falling back to 1 default profile: "default"
2022-10-31 12:21:25.544  INFO 18750 --- [main] .s.d.r.c.RepositoryConfigurationDelegate : Bootstrapping Spring Data JPA repositories in DEFAULT mode.
2022-10-31 12:21:25.564  INFO 18750 --- [main] .s.d.r.c.RepositoryConfigurationDelegate : Finished Spring Data repository scanning in 16 ms. Found 3 JPA repository interfaces.
2022-10-31 12:21:25.878  INFO 18750 --- [main] o.s.b.w.embedded.tomcat.TomcatWebServer  : Tomcat initialized with port(s): 8082 (http)
2022-10-31 12:21:25.882  INFO 18750 --- [main] o.apache.catalina.core.StandardService   : Starting service [Tomcat]
2022-10-31 12:21:25.882  INFO 18750 --- [main] org.apache.catalina.core.StandardEngine  : Starting Servlet engine: [Apache Tomcat/9.0.65]
2022-10-31 12:21:25.918  INFO 18750 --- [main] o.a.c.c.C.[Tomcat].[localhost].[/]       : Initializing Spring embedded WebApplicationContext
2022-10-31 12:21:25.918  INFO 18750 --- [main] w.s.c.ServletWebServerApplicationContext : Root WebApplicationContext: initialization completed in 581 ms
2022-10-31 12:21:25.970  INFO 18750 --- [main] com.zaxxer.hikari.HikariDataSource       : HikariPool-1 - Starting...
2022-10-31 12:21:26.125  INFO 18750 --- [main] com.zaxxer.hikari.HikariDataSource       : HikariPool-1 - Start completed.
2022-10-31 12:21:26.145  INFO 18750 --- [main] o.hibernate.jpa.internal.util.LogHelper  : HHH000204: Processing PersistenceUnitInfo [name: default]
2022-10-31 12:21:26.164  INFO 18750 --- [main] org.hibernate.Version                    : HHH000412: Hibernate ORM core version 5.6.11.Final
2022-10-31 12:21:26.229  INFO 18750 --- [main] o.hibernate.annotations.common.Version   : HCANN000001: Hibernate Commons Annotations {5.1.2.Final}
2022-10-31 12:21:26.270  INFO 18750 --- [main] org.hibernate.dialect.Dialect            : HHH000400: Using dialect: org.hibernate.dialect.MySQL57Dialect
2022-10-31 12:21:26.512  INFO 18750 --- [main] o.h.e.t.j.p.i.JtaPlatformInitiator       : HHH000490: Using JtaPlatform implementation: [org.hibernate.engine.transaction.jta.platform.internal.NoJtaPlatform]
2022-10-31 12:21:26.516  INFO 18750 --- [main] j.LocalContainerEntityManagerFactoryBean : Initialized JPA EntityManagerFactory for persistence unit 'default'
2022-10-31 12:21:26.838  WARN 18750 --- [main] JpaBaseConfiguration$JpaWebConfiguration : spring.jpa.open-in-view is enabled by default. Therefore, database queries may be performed during view rendering. Explicitly configure spring.jpa.open-in-view to disable this warning
2022-10-31 12:21:26.904  INFO 18750 --- [main] pertySourcedRequestMappingHandlerMapping : Mapped URL path [/v2/api-docs] onto method [springfox.documentation.swagger2.web.Swagger2Controller#getDocumentation(String, HttpServletRequest)]
2022-10-31 12:21:27.047  INFO 18750 --- [main] o.s.b.w.embedded.tomcat.TomcatWebServer  : Tomcat started on port(s): 8082 (http) with context path ''
2022-10-31 12:21:27.047  INFO 18750 --- [main] d.s.w.p.DocumentationPluginsBootstrapper : Context refreshed
2022-10-31 12:21:27.056  INFO 18750 --- [main] d.s.w.p.DocumentationPluginsBootstrapper : Found 1 custom documentation plugin(s)
2022-10-31 12:21:27.067  INFO 18750 --- [main] s.d.s.w.s.ApiListingReferenceScanner     : Scanning for api listing references
2022-10-31 12:21:27.132  INFO 18750 --- [main] com.example.demo.DemoApplication         : Started DemoApplication in 1.95 seconds (JVM running for 2.239)
2022-10-31 12:21:32.373  INFO 18750 --- [http-nio-8082-exec-2] o.a.c.c.C.[Tomcat].[localhost].[/]       : Initializing Spring DispatcherServlet 'dispatcherServlet'
2022-10-31 12:21:32.374  INFO 18750 --- [http-nio-8082-exec-2] o.s.web.servlet.DispatcherServlet        : Initializing Servlet 'dispatcherServlet'
2022-10-31 12:21:32.375  INFO 18750 --- [http-nio-8082-exec-2] o.s.web.servlet.DispatcherServlet        : Completed initialization in 1 ms
2022-10-31 12:21:32.420  INFO 18750 --- [http-nio-8082-exec-2] tConfig$$EnhancerBySpringCGLIB$$45593005 : Inside Before Advice
2022-10-31 12:21:32.473  INFO 18750 --- [http-nio-8082-exec-2] c.example.controller.StudentController   : StudentResponseList = [StudentResponse(id=1, firstName=John, lastName=Smith, email=john@gmail.com, street=Happy Street, city=Delhi, learningSubjects=[]), StudentResponse(id=4, firstName=Selena, lastName=Gomez, email=selena@icloud.com, street=STREET 4, city=Delhi, learningSubjects=[]), StudentResponse(id=5, firstName=Selena, lastName=Gomez, email=selena@icloud.com, street=STREET 4, city=Delhi, learningSubjects=[com.example.response.SubjectResponse@dcbf382, com.example.response.SubjectResponse@7d82e14f])]
2022-10-31 12:22:14.954  INFO 18750 --- [RMI TCP Connection(4)-127.0.0.1] inMXBeanRegistrar$SpringApplicationAdmin : Application shutdown requested.
2022-10-31 12:22:14.958  INFO 18750 --- [RMI TCP Connection(4)-127.0.0.1] o.apache.catalina.core.StandardService   : Stopping service [Tomcat]
2022-10-31 12:22:14.959  INFO 18750 --- [RMI TCP Connection(4)-127.0.0.1] o.a.c.c.C.[Tomcat].[localhost].[/]       : Destroying Spring FrameworkServlet 'dispatcherServlet'
2022-10-31 12:22:14.965  INFO 18750 --- [RMI TCP Connection(4)-127.0.0.1] j.LocalContainerEntityManagerFactoryBean : Closing JPA EntityManagerFactory for persistence unit 'default'
2022-10-31 12:22:14.966  INFO 18750 --- [RMI TCP Connection(4)-127.0.0.1] com.zaxxer.hikari.HikariDataSource       : HikariPool-1 - Shutdown initiated...
2022-10-31 12:22:14.970  INFO 18750 --- [RMI TCP Connection(4)-127.0.0.1] com.zaxxer.hikari.HikariDataSource       : HikariPool-1 - Shutdown completed.
2022-10-31 12:22:22.351  INFO 18758 --- [main] com.example.demo.DemoApplication         : Starting DemoApplication using Java 17.0.4.1 on Sakshis-MacBook-Pro.local with PID 18758 (/Users/sakshi/Documents/workspace-spring-tool-suite-4-4.16.0.RELEASE/demo/target/classes started by sakshi in /Users/sakshi/Documents/workspace-spring-tool-suite-4-4.16.0.RELEASE/demo)
2022-10-31 12:22:22.353  INFO 18758 --- [main] com.example.demo.DemoApplication         : No active profile set, falling back to 1 default profile: "default"
2022-10-31 12:22:22.605  INFO 18758 --- [main] .s.d.r.c.RepositoryConfigurationDelegate : Bootstrapping Spring Data JPA repositories in DEFAULT mode.
2022-10-31 12:22:22.628  INFO 18758 --- [main] .s.d.r.c.RepositoryConfigurationDelegate : Finished Spring Data repository scanning in 19 ms. Found 3 JPA repository interfaces.
2022-10-31 12:22:22.997  INFO 18758 --- [main] o.s.b.w.embedded.tomcat.TomcatWebServer  : Tomcat initialized with port(s): 8082 (http)
2022-10-31 12:22:23.001  INFO 18758 --- [main] o.apache.catalina.core.StandardService   : Starting service [Tomcat]
2022-10-31 12:22:23.002  INFO 18758 --- [main] org.apache.catalina.core.StandardEngine  : Starting Servlet engine: [Apache Tomcat/9.0.65]
2022-10-31 12:22:23.035  INFO 18758 --- [main] o.a.c.c.C.[Tomcat].[localhost].[/]       : Initializing Spring embedded WebApplicationContext
2022-10-31 12:22:23.035  INFO 18758 --- [main] w.s.c.ServletWebServerApplicationContext : Root WebApplicationContext: initialization completed in 655 ms
2022-10-31 12:22:23.091  INFO 18758 --- [main] com.zaxxer.hikari.HikariDataSource       : HikariPool-1 - Starting...
2022-10-31 12:22:23.249  INFO 18758 --- [main] com.zaxxer.hikari.HikariDataSource       : HikariPool-1 - Start completed.
2022-10-31 12:22:23.272  INFO 18758 --- [main] o.hibernate.jpa.internal.util.LogHelper  : HHH000204: Processing PersistenceUnitInfo [name: default]
2022-10-31 12:22:23.295  INFO 18758 --- [main] org.hibernate.Version                    : HHH000412: Hibernate ORM core version 5.6.11.Final
2022-10-31 12:22:23.374  INFO 18758 --- [main] o.hibernate.annotations.common.Version   : HCANN000001: Hibernate Commons Annotations {5.1.2.Final}
2022-10-31 12:22:23.428  INFO 18758 --- [main] org.hibernate.dialect.Dialect            : HHH000400: Using dialect: org.hibernate.dialect.MySQL57Dialect
2022-10-31 12:22:23.706  INFO 18758 --- [main] o.h.e.t.j.p.i.JtaPlatformInitiator       : HHH000490: Using JtaPlatform implementation: [org.hibernate.engine.transaction.jta.platform.internal.NoJtaPlatform]
2022-10-31 12:22:23.710  INFO 18758 --- [main] j.LocalContainerEntityManagerFactoryBean : Initialized JPA EntityManagerFactory for persistence unit 'default'
2022-10-31 12:22:24.091  WARN 18758 --- [main] JpaBaseConfiguration$JpaWebConfiguration : spring.jpa.open-in-view is enabled by default. Therefore, database queries may be performed during view rendering. Explicitly configure spring.jpa.open-in-view to disable this warning
2022-10-31 12:22:24.164  INFO 18758 --- [main] pertySourcedRequestMappingHandlerMapping : Mapped URL path [/v2/api-docs] onto method [springfox.documentation.swagger2.web.Swagger2Controller#getDocumentation(String, HttpServletRequest)]
2022-10-31 12:22:24.322  INFO 18758 --- [main] o.s.b.w.embedded.tomcat.TomcatWebServer  : Tomcat started on port(s): 8082 (http) with context path ''
2022-10-31 12:22:24.322  INFO 18758 --- [main] d.s.w.p.DocumentationPluginsBootstrapper : Context refreshed
2022-10-31 12:22:24.335  INFO 18758 --- [main] d.s.w.p.DocumentationPluginsBootstrapper : Found 1 custom documentation plugin(s)
2022-10-31 12:22:24.347  INFO 18758 --- [main] s.d.s.w.s.ApiListingReferenceScanner     : Scanning for api listing references
2022-10-31 12:22:24.421  INFO 18758 --- [main] com.example.demo.DemoApplication         : Started DemoApplication in 2.228 seconds (JVM running for 2.607)
2022-10-31 12:22:28.644  INFO 18758 --- [http-nio-8082-exec-2] o.a.c.c.C.[Tomcat].[localhost].[/]       : Initializing Spring DispatcherServlet 'dispatcherServlet'
2022-10-31 12:22:28.645  INFO 18758 --- [http-nio-8082-exec-2] o.s.web.servlet.DispatcherServlet        : Initializing Servlet 'dispatcherServlet'
2022-10-31 12:22:28.646  INFO 18758 --- [http-nio-8082-exec-2] o.s.web.servlet.DispatcherServlet        : Completed initialization in 1 ms
2022-10-31 12:22:43.813  INFO 18758 --- [http-nio-8082-exec-2] tConfig$$EnhancerBySpringCGLIB$$e68d0d0d : Inside Before Advice
2022-10-31 13:38:47.685  INFO 19290 --- [main] com.example.demo.DemoApplication         : Starting DemoApplication using Java 17.0.4.1 on Sakshis-MacBook-Pro.local with PID 19290 (/Users/sakshi/Documents/workspace-spring-tool-suite-4-4.16.0.RELEASE/demo/target/classes started by sakshi in /Users/sakshi/Documents/workspace-spring-tool-suite-4-4.16.0.RELEASE/demo)
2022-10-31 13:38:47.686  INFO 19290 --- [main] com.example.demo.DemoApplication         : No active profile set, falling back to 1 default profile: "default"
2022-10-31 13:38:47.900  INFO 19290 --- [main] .s.d.r.c.RepositoryConfigurationDelegate : Bootstrapping Spring Data JPA repositories in DEFAULT mode.
2022-10-31 13:38:47.922  INFO 19290 --- [main] .s.d.r.c.RepositoryConfigurationDelegate : Finished Spring Data repository scanning in 19 ms. Found 3 JPA repository interfaces.
2022-10-31 13:38:48.225  INFO 19290 --- [main] o.s.b.w.embedded.tomcat.TomcatWebServer  : Tomcat initialized with port(s): 8082 (http)
2022-10-31 13:38:48.229  INFO 19290 --- [main] o.apache.catalina.core.StandardService   : Starting service [Tomcat]
2022-10-31 13:38:48.229  INFO 19290 --- [main] org.apache.catalina.core.StandardEngine  : Starting Servlet engine: [Apache Tomcat/9.0.65]
2022-10-31 13:38:48.266  INFO 19290 --- [main] o.a.c.c.C.[Tomcat].[localhost].[/]       : Initializing Spring embedded WebApplicationContext
2022-10-31 13:38:48.267  INFO 19290 --- [main] w.s.c.ServletWebServerApplicationContext : Root WebApplicationContext: initialization completed in 561 ms
2022-10-31 13:38:48.315  INFO 19290 --- [main] com.zaxxer.hikari.HikariDataSource       : HikariPool-1 - Starting...
2022-10-31 13:38:48.467  INFO 19290 --- [main] com.zaxxer.hikari.HikariDataSource       : HikariPool-1 - Start completed.
2022-10-31 13:38:48.484  INFO 19290 --- [main] o.hibernate.jpa.internal.util.LogHelper  : HHH000204: Processing PersistenceUnitInfo [name: default]
2022-10-31 13:38:48.500  INFO 19290 --- [main] org.hibernate.Version                    : HHH000412: Hibernate ORM core version 5.6.11.Final
2022-10-31 13:38:48.555  INFO 19290 --- [main] o.hibernate.annotations.common.Version   : HCANN000001: Hibernate Commons Annotations {5.1.2.Final}
2022-10-31 13:38:48.594  INFO 19290 --- [main] org.hibernate.dialect.Dialect            : HHH000400: Using dialect: org.hibernate.dialect.MySQL57Dialect
2022-10-31 13:38:48.823  INFO 19290 --- [main] o.h.e.t.j.p.i.JtaPlatformInitiator       : HHH000490: Using JtaPlatform implementation: [org.hibernate.engine.transaction.jta.platform.internal.NoJtaPlatform]
2022-10-31 13:38:48.827  INFO 19290 --- [main] j.LocalContainerEntityManagerFactoryBean : Initialized JPA EntityManagerFactory for persistence unit 'default'
2022-10-31 13:38:49.140  WARN 19290 --- [main] JpaBaseConfiguration$JpaWebConfiguration : spring.jpa.open-in-view is enabled by default. Therefore, database queries may be performed during view rendering. Explicitly configure spring.jpa.open-in-view to disable this warning
2022-10-31 13:38:49.205  INFO 19290 --- [main] pertySourcedRequestMappingHandlerMapping : Mapped URL path [/v2/api-docs] onto method [springfox.documentation.swagger2.web.Swagger2Controller#getDocumentation(String, HttpServletRequest)]
2022-10-31 13:38:49.355  INFO 19290 --- [main] o.s.b.w.embedded.tomcat.TomcatWebServer  : Tomcat started on port(s): 8082 (http) with context path ''
2022-10-31 13:38:49.356  INFO 19290 --- [main] d.s.w.p.DocumentationPluginsBootstrapper : Context refreshed
2022-10-31 13:38:49.364  INFO 19290 --- [main] d.s.w.p.DocumentationPluginsBootstrapper : Found 1 custom documentation plugin(s)
2022-10-31 13:38:49.374  INFO 19290 --- [main] s.d.s.w.s.ApiListingReferenceScanner     : Scanning for api listing references
2022-10-31 13:38:49.437  INFO 19290 --- [main] com.example.demo.DemoApplication         : Started DemoApplication in 1.883 seconds (JVM running for 2.398)
2022-10-31 14:05:06.362  WARN 19290 --- [HikariPool-1 housekeeper] com.zaxxer.hikari.pool.HikariPool        : HikariPool-1 - Thread starvation or clock leap detected (housekeeper delta=17m47s703ms).
2022-10-31 14:09:03.555  WARN 19290 --- [HikariPool-1 housekeeper] com.zaxxer.hikari.pool.HikariPool        : HikariPool-1 - Thread starvation or clock leap detected (housekeeper delta=3m57s194ms).
2022-10-31 14:14:49.147  WARN 19290 --- [HikariPool-1 housekeeper] com.zaxxer.hikari.pool.HikariPool        : HikariPool-1 - Thread starvation or clock leap detected (housekeeper delta=5m45s592ms).
2022-10-31 14:20:33.363  INFO 19290 --- [RMI TCP Connection(18)-127.0.0.1] inMXBeanRegistrar$SpringApplicationAdmin : Application shutdown requested.
2022-10-31 14:20:33.379  INFO 19290 --- [RMI TCP Connection(18)-127.0.0.1] o.apache.catalina.core.StandardService   : Stopping service [Tomcat]
2022-10-31 14:20:33.390  INFO 19290 --- [RMI TCP Connection(18)-127.0.0.1] j.LocalContainerEntityManagerFactoryBean : Closing JPA EntityManagerFactory for persistence unit 'default'
2022-10-31 14:20:33.392  INFO 19290 --- [RMI TCP Connection(18)-127.0.0.1] com.zaxxer.hikari.HikariDataSource       : HikariPool-1 - Shutdown initiated...
2022-10-31 14:20:33.399  INFO 19290 --- [RMI TCP Connection(18)-127.0.0.1] com.zaxxer.hikari.HikariDataSource       : HikariPool-1 - Shutdown completed.
